<?xml version="1.0" encoding="UTF-8"?>
<!-- Generated by org.testng.reporters.JUnitReportReporter -->
<testsuite hostname="Ulfas-MacBook-Pro.local" failures="0" tests="1" name="tests.GetAndPostExample" time="4.712" errors="0" timestamp="2022-02-13T11:51:26 WIB" skipped="0">
  <testcase classname="tests.GetAndPostExample" name="testPostUser" time="4.712"/>
  <system-out/>
</testsuite> <!-- tests.GetAndPostExample -->
