<?xml version="1.0" encoding="UTF-8"?>
<!-- Generated by org.testng.reporters.JUnitReportReporter -->
<testsuite hostname="Ulfas-MacBook-Pro.local" failures="0" tests="1" name="tests.PutPatchDeleteExample" time="3.183" errors="0" timestamp="2022-02-13T12:09:13 WIB" skipped="0">
  <testcase classname="tests.PutPatchDeleteExample" name="testDeleteUser" time="3.183"/>
  <system-out/>
</testsuite> <!-- tests.PutPatchDeleteExample -->
