<?xml version="1.0" encoding="UTF-8"?>
<!-- Generated by org.testng.reporters.JUnitReportReporter -->
<testsuite hostname="Ulfas-MacBook-Pro.local" failures="0" tests="1" name="tests.TestOnLocalAPI" time="2.112" errors="0" timestamp="2022-02-13T12:56:05 WIB" skipped="0">
  <testcase classname="tests.TestOnLocalAPI" name="testDeleteUser" time="2.112"/>
  <system-out/>
</testsuite> <!-- tests.TestOnLocalAPI -->
