<?xml version="1.0" encoding="UTF-8"?>
<!-- Generated by org.testng.reporters.JUnitReportReporter -->
<testsuite hostname="Ulfas-MacBook-Pro.local" failures="0" tests="1" name="tests.ValidateJSONSchema" time="3.200" errors="0" timestamp="2022-02-13T13:52:02 WIB" skipped="0">
  <testcase classname="tests.ValidateJSONSchema" name="testGetListUser" time="3.200"/>
  <system-out/>
</testsuite> <!-- tests.ValidateJSONSchema -->
